<?xml version="1.0" encoding="UTF-8"?>
<testng-results ignored="0" total="1" passed="1" failed="0" skipped="0">
  <reporter-output>
  </reporter-output>
  <suite started-at="2022-12-17T11:24:53 EAT" name="Default suite" finished-at="2022-12-17T11:25:10 EAT" duration-ms="16572">
    <groups>
    </groups>
    <test started-at="2022-12-17T11:24:53 EAT" name="Default test" finished-at="2022-12-17T11:25:10 EAT" duration-ms="16572">
      <class name="testcase.Mywfw">
        <test-method is-config="true" signature="beforeMethod()[pri:0, instance:testcase.Mywfw@77fbd92c]" started-at="2022-12-17T11:24:53 EAT" name="beforeMethod" finished-at="2022-12-17T11:25:06 EAT" duration-ms="12789" status="PASS">
          <reporter-output>
          </reporter-output>
        </test-method> <!-- beforeMethod -->
        <test-method signature="f()[pri:0, instance:testcase.Mywfw@77fbd92c]" started-at="2022-12-17T11:25:06 EAT" name="f" finished-at="2022-12-17T11:25:06 EAT" duration-ms="23" status="PASS">
          <reporter-output>
          </reporter-output>
        </test-method> <!-- f -->
        <test-method is-config="true" signature="afterMethod()[pri:0, instance:testcase.Mywfw@77fbd92c]" started-at="2022-12-17T11:25:06 EAT" name="afterMethod" finished-at="2022-12-17T11:25:10 EAT" duration-ms="3701" status="PASS">
          <reporter-output>
          </reporter-output>
        </test-method> <!-- afterMethod -->
      </class> <!-- testcase.Mywfw -->
    </test> <!-- Default test -->
  </suite> <!-- Default suite -->
</testng-results>
